--------------------------------------------------------------------------------
INFO in call_server [call_server.py:44]:
send command: originate user/1002 18616511715 XML default
--------------------------------------------------------------------------------
--------------------------------------------------------------------------------
INFO in call_server [call_server.py:52]:
freeswitch response: -ERR USER_BUSY

--------------------------------------------------------------------------------
--------------------------------------------------------------------------------
INFO in call_server [call_server.py:44]:
send command: originate user/1002 18616511715 XML default
--------------------------------------------------------------------------------
--------------------------------------------------------------------------------
INFO in call_server [call_server.py:52]:
freeswitch response: +OK 96a600ef-b0d4-4d27-9a74-f181b9c8f7ac

--------------------------------------------------------------------------------
--------------------------------------------------------------------------------
INFO in call_server [call_server.py:44]:
send command: originate user/1002 18616511715 XML default
--------------------------------------------------------------------------------
--------------------------------------------------------------------------------
INFO in call_server [call_server.py:52]:
freeswitch response: +OK 41d8b420-afb8-4a5b-8bdb-921785905296

--------------------------------------------------------------------------------
